Determining if the pthread_create exist failed with the following output:
Change Dir: /home/scarlleth/Área de Trabalho/INF574/Project/Cloth-Simulation/build/CMakeFiles/CMakeTmp

Run Build Command:"/usr/bin/make" "cmTC_11ed7/fast"
/usr/bin/make -f CMakeFiles/cmTC_11ed7.dir/build.make CMakeFiles/cmTC_11ed7.dir/build
make[1]: Entering directory '/home/scarlleth/Área de Trabalho/INF574/Project/Cloth-Simulation/build/CMakeFiles/CMakeTmp'
Building C object CMakeFiles/cmTC_11ed7.dir/CheckSymbolExists.c.o
/usr/bin/gcc   -fPIC    -o CMakeFiles/cmTC_11ed7.dir/CheckSymbolExists.c.o   -c "/home/scarlleth/Área de Trabalho/INF574/Project/Cloth-Simulation/build/CMakeFiles/CMakeTmp/CheckSymbolExists.c"
Linking C executable cmTC_11ed7
/usr/bin/cmake -E cmake_link_script CMakeFiles/cmTC_11ed7.dir/link.txt --verbose=1
/usr/bin/gcc  -fPIC     -rdynamic CMakeFiles/cmTC_11ed7.dir/CheckSymbolExists.c.o  -o cmTC_11ed7 
CMakeFiles/cmTC_11ed7.dir/CheckSymbolExists.c.o: Na função "main":
CheckSymbolExists.c:(.text+0x1b): referência não definida para "pthread_create"
collect2: error: ld returned 1 exit status
CMakeFiles/cmTC_11ed7.dir/build.make:97: recipe for target 'cmTC_11ed7' failed
make[1]: *** [cmTC_11ed7] Error 1
make[1]: Leaving directory '/home/scarlleth/Área de Trabalho/INF574/Project/Cloth-Simulation/build/CMakeFiles/CMakeTmp'
Makefile:126: recipe for target 'cmTC_11ed7/fast' failed
make: *** [cmTC_11ed7/fast] Error 2

File /home/scarlleth/Área de Trabalho/INF574/Project/Cloth-Simulation/build/CMakeFiles/CMakeTmp/CheckSymbolExists.c:
/* */
#include <pthread.h>

int main(int argc, char** argv)
{
  (void)argv;
#ifndef pthread_create
  return ((int*)(&pthread_create))[argc];
#else
  (void)argc;
  return 0;
#endif
}

Determining if the function pthread_create exists in the pthreads failed with the following output:
Change Dir: /home/scarlleth/Área de Trabalho/INF574/Project/Cloth-Simulation/build/CMakeFiles/CMakeTmp

Run Build Command:"/usr/bin/make" "cmTC_00535/fast"
/usr/bin/make -f CMakeFiles/cmTC_00535.dir/build.make CMakeFiles/cmTC_00535.dir/build
make[1]: Entering directory '/home/scarlleth/Área de Trabalho/INF574/Project/Cloth-Simulation/build/CMakeFiles/CMakeTmp'
Building C object CMakeFiles/cmTC_00535.dir/CheckFunctionExists.c.o
/usr/bin/gcc   -fPIC -DCHECK_FUNCTION_EXISTS=pthread_create   -o CMakeFiles/cmTC_00535.dir/CheckFunctionExists.c.o   -c /usr/share/cmake-3.10/Modules/CheckFunctionExists.c
Linking C executable cmTC_00535
/usr/bin/cmake -E cmake_link_script CMakeFiles/cmTC_00535.dir/link.txt --verbose=1
/usr/bin/gcc  -fPIC -DCHECK_FUNCTION_EXISTS=pthread_create    -rdynamic CMakeFiles/cmTC_00535.dir/CheckFunctionExists.c.o  -o cmTC_00535 -lpthreads 
/usr/bin/ld: não foi possível localizar -lpthreads
collect2: error: ld returned 1 exit status
CMakeFiles/cmTC_00535.dir/build.make:97: recipe for target 'cmTC_00535' failed
make[1]: *** [cmTC_00535] Error 1
make[1]: Leaving directory '/home/scarlleth/Área de Trabalho/INF574/Project/Cloth-Simulation/build/CMakeFiles/CMakeTmp'
Makefile:126: recipe for target 'cmTC_00535/fast' failed
make: *** [cmTC_00535/fast] Error 2


